1.0	
1.0	
0.9996	
0.9988	
0.99760014	
0.99600077	
0.99400234	
0.9916055	
0.98881114	
0.9856201	
0.9820335	
0.9780527	
0.97367907	
0.9689142	
0.9637599	
0.95821804	
0.95229065	
0.94597995	
0.9392884	
0.9322184	
0.9247727	
0.9169541	
0.9087656	
0.9002103	
0.89129156	
0.88201267	
0.8723773	
0.8623891	
0.852052	
0.84136987	
0.83034694	
0.8189875	
0.80729586	
0.79527664	
0.78293455	
0.77027434	
0.7573009	
0.7440194	
0.73043495	
0.7165529	
0.7023787	
0.6879178	
0.67317605	
0.6581591	
0.64287287	
0.6273234	
0.6115168	
0.5954592	
0.57915705	
0.5626167	
0.5458447	
0.52884763	
0.5116322	
0.49420527	
0.47657368	
0.4587444	
0.4407245	
0.42252108	
0.4041414	
0.3855927	
0.36688232	
0.34801772	
0.32900637	
0.30985582	
0.29057366	
0.27116755	
0.2516452	
0.23201442	
0.21228296	
0.19245869	
0.17254952	
0.15256336	
0.13250819	
0.112391986	
9.222278e-2	
7.200862e-2	
5.1757567e-2	
3.1477712e-2	
1.1177158e-2	
-9.135988e-3	
-2.9453604e-2	
-4.9767565e-2	
-7.0069745e-2	
-9.035201e-2	
-0.11060626	
-0.13082436	
-0.15099822	
-0.17111975	
-0.19118088	
-0.21117356	
-0.23108977	
-0.25092152	
-0.27066082	
-0.29029974	
-0.30983043	
-0.32924497	
-0.3485356	
-0.36769453	
-0.38671404	
-0.40558648	
-0.42430422	
-0.44285974	
-0.46124554	
-0.4794542	
-0.49747834	
-0.5153107	
-0.5329441	
-0.55037135	
-0.5675854	
-0.58457935	
-0.60134625	
-0.61787933	
-0.63417184	
-0.65021724	
-0.66600895	
-0.68154055	
-0.6968058	
-0.71179837	
-0.72651225	
-0.7409414	
-0.7550799	
-0.7689221	
-0.78246224	
-0.7956948	
-0.80861443	
-0.82121575	
-0.8334936	
-0.84544295	
-0.85705894	
-0.86833674	
-0.8792717	
-0.8898593	
-0.9000952	
-0.90997523	
-0.91949517	
-0.9286511	
-0.93743926	
-0.945856	
-0.9538977	
-0.9615611	
-0.9688429	
-0.97574013	
-0.9822498	
-0.98836917	
-0.9940956	
-0.9994267	
-1.0043602	
-1.008894	
-1.0130259	
-1.0167543	
-1.0200775	
-1.0229939	
-1.0255024	
-1.0276017	
-1.0292908	
-1.0305688	
-1.0314351	
-1.0318892	
-1.0319307	
-1.0315595	
-1.0307754	
-1.0295788	
-1.0279698	
-1.025949	
-1.023517	
-1.0206747	
-1.0174229	
-1.0137628	
-1.0096959	
-1.0052234	
-1.000347	
-0.99506855	
-0.98938996	
-0.9833133	
-0.9768409	
-0.9699752	
-0.9627187	
-0.95507425	
-0.94704473	
-0.93863314	
-0.92984277	
-0.92067695	
-0.9111392	
-0.90123314	
-0.89096266	
-0.8803317	
-0.8693443	
-0.8580048	
-0.8463176	
-0.83428717	
-0.8219182	
-0.8092155	
-0.796184	
-0.78282887	
-0.76915526	
-0.7551685	
-0.7408741	
-0.72627765	
-0.71138483	
-0.6962015	
-0.6807336	
-0.66498727	
-0.6489686	
-0.63268393	
-0.6161397	
-0.5993424	
-0.58229864	
-0.56501514	
-0.5474987	
-0.52975625	
-0.5117948	
-0.49362147	
-0.47524342	
-0.4566679	
-0.4379023	
-0.418954	
-0.39983058	
-0.38053957	
-0.3610886	
-0.34148544	
-0.32173783	
-0.30185363	
-0.28184074	
-0.2617071	
-0.24146073	
-0.22110967	
-0.20066203	
-0.18012595	
-0.1595096	
-0.1388212	
-0.118069	
-9.726127e-2	
-7.6406315e-2	
-5.5512458e-2	
-3.4588035e-2	
-1.364141e-2	
7.319052e-3	
2.828497e-2	
4.924796e-2	
7.019964e-2	
9.113162e-2	
0.11203552	
0.13290296	
0.1537256	
0.17449507	
0.19520305	
0.21584123	
0.23640133	
0.2568751	
0.2772543	
0.29753077	
0.31769633	
0.33774287	
0.35766232	
0.37744668	
0.397088	
0.41657832	
0.4359098	
0.45507467	
0.47406515	
0.4928736	
0.51149243	
0.52991414	
0.5481312	
0.56613636	
0.5839222	
0.6014816	
0.61880744	
0.6358927	
0.6527304	
0.6693138	
0.68563604	
0.7016906	
0.71747094	
0.7329706	
0.74818325	
0.7631027	
0.7777229	
0.79203784	
0.8060417	
0.81972873	
0.83309335	
0.8461301	
0.85883355	
0.8711986	
0.8832201	
0.8948931	
0.90621287	
0.91717464	
0.92777395	
0.9380064	
0.9478677	
0.95735383	
0.96646076	
0.9751848	
0.98352224	
0.9914696	
0.99902356	
1.0061809	
1.0129386	
1.0192939	
1.025244	
1.0307864	
1.0359187	
1.0406387	
1.0449443	
1.0488336	
1.052305	
1.0553569	
1.0579878	
1.0601966	
1.0619823	
1.0633438	
1.0642805	
1.0647919	
1.0648776	
1.0645374	
1.0637712	
1.0625793	
1.0609617	
1.0589192	
1.0564523	
1.0535618	
1.0502487	
1.0465143	
1.0423597	
1.0377865	
1.0327963	
1.027391	
1.0215726	
1.0153432	
1.0087053	
1.0016612	
0.9942136	
0.9863653	
0.9781194	
0.96947885	
0.9604471	
0.9510275	
0.9412238	
0.9310397	
0.92047906	
0.909546	
0.8982448	
0.88657975	
0.8745554	
0.8621764	
0.8494476	
0.8363739	
0.8229605	
0.8092125	
0.7951353	
0.7807345	
0.7660156	
0.7509844	
0.7356467	
0.72000873	
0.70407647	
0.6878562	
0.6713543	
0.65457726	
0.63753164	
0.62022424	
0.6026618	
0.58485126	
0.5667997	
0.5485142	
0.53000194	
0.5112703	
0.49232662	
0.47317845	
0.45383334	
0.434299	
0.4145831	
0.39469346	
0.37463802	
0.3544247	
0.3340615	
0.31355655	
0.29291797	
0.27215397	
0.2512728	
0.23028277	
0.20919223	
0.18800958	
0.16674325	
0.14540172	
0.123993486	
0.1025271	
8.10111e-2	
5.94541e-2	
3.7864693e-2	
1.6251504e-2	
-5.376829e-3	
-2.7011665e-2	
-4.864435e-2	
-7.026623e-2	
-9.1868654e-2	
-0.11344297	
-0.13498054	
-0.15647274	
-0.17791094	
-0.19928655	
-0.220591	
-0.24181572	
-0.2629522	
-0.28399196	
-0.30492654	
-0.32574752	
-0.34644654	
-0.36701527	
-0.38744542	
-0.40772876	
-0.4278571	
-0.44782236	
-0.46761647	
-0.48723146	
-0.5066594	
-0.52589244	
-0.5449228	
-0.5637429	
-0.58234495	
-0.60072154	
-0.6188652	
-0.6367685	
-0.6544243	
-0.6718254	
-0.6889647	
-0.7058353	
-0.7224303	
-0.73874295	
-0.75476664	
-0.7704948	
-0.7859211	
-0.80103916	
-0.81584287	
-0.8303262	
-0.8444832	
-0.858308	
-0.87179506	
-0.8849388	
-0.8977338	
-0.91017485	
-0.92225677	
-0.9339746	
-0.9453236	
-0.95629895	
-0.9668962	
-0.9771109	
-0.9869389	
-0.99637604	
-1.0054184	
-1.0140622	
-1.0223038	
-1.0301398	
-1.0375669	
-1.0445819	
-1.0511819	
-1.0573641	
-1.0631258	
-1.0684646	
-1.0733781	
-1.0778642	
-1.081921	
-1.0855466	
-1.0887395	
-1.0914981	
-1.0938213	
-1.0957078	
-1.0971568	
-1.0981675	
-1.0987394	
-1.098872	
-1.0985651	
-1.0978186	
-1.0966327	
-1.0950077	
-1.092944	
-1.0904424	
-1.0875036	
-1.0841285	
-1.0803185	
-1.0760748	
-1.0713991	
-1.0662929	
-1.0607581	
-1.0547968	
-1.0484113	
-1.0416037	
-1.0343767	
-1.0267332	
-1.0186759	
-1.0102079	
-1.0013324	
-0.99205285	
-0.9823728	
-0.97229594	
-0.9618261	
-0.9509673	
-0.93972385	
-0.9281	
-0.9161002	
-0.9037292	
-0.89099175	
-0.8778928	
-0.86443746	
-0.850631	
-0.83647877	
-0.82198626	
-0.8071592	
-0.7920033	
-0.77652454	
-0.76072896	
-0.74462277	
-0.7282123	
-0.711504	
-0.6945044	
-0.67722017	
-0.6596582	
-0.6418253	
-0.6237286	
-0.6053751	
-0.58677214	
-0.567927	
-0.5488472	
-0.5295402	
-0.51001364	
-0.4902753	
-0.47033292	
-0.45019445	
-0.42986783	
-0.40936115	
-0.3886825	
-0.36784014	
-0.3468423	
-0.3256973	
-0.3044136	
-0.28299958	
-0.26146382	
-0.23981486	
-0.21806131	
-0.19621184	
-0.17427514	
-0.15225996	
-0.13017507	
-0.10802927	
-8.5831404e-2	
-6.3590325e-2	
-4.1314915e-2	
-1.9014066e-2	
3.303308e-3	
2.5628287e-2	
4.7951944e-2	
7.026535e-2	
9.2559576e-2	
0.114825696	
0.13705479	
0.15923795	
0.1813663	
0.20343094	
0.22542304	
0.24733377	
0.2691543	
0.29087594	
0.3124899	
0.3339875	
0.35536012	
0.37659913	
0.39769602	
0.41864225	
0.4394294	
0.4600491	
0.480493	
0.5007529	
0.5208206	
0.54068804	
0.56034714	
0.57978994	
0.5990086	
0.6179954	
0.63674253	
0.6552425	
0.6734878	
0.6914709	
0.7091847	
0.72662187	
0.74377537	
0.76063824	
0.77720356	
0.79346466	
0.80941486	
0.8250477	
0.8403567	
0.8553357	
0.8699786	
0.8842794	
0.89823216	
0.9118312	
0.92507094	
0.93794596	
0.95045096	
0.9625808	
0.9743304	
0.985695	
0.9966699	
1.0072504	
1.0174323	
1.0272113	
1.0365834	
1.0455446	
1.0540912	
1.0622195	
1.0699261	
1.0772079	
1.0840617	
1.0904847	
1.096474	
1.1020272	
1.1071417	
1.1118155	
1.1160463	
1.1198324	
1.1231722	
1.126064	
1.1285064	
1.1304985	
1.1320392	
1.1331277	
1.1337633	
1.1339457	
1.1336746	
1.13295	
1.1317718	
1.1301405	
1.1280565	
1.1255205	
1.1225332	
1.1190957	
1.1152092	
1.110875	
1.1060947	
1.1008701	
1.0952032	
1.0890958	
1.0825504	
1.0755693	
1.0681552	
1.0603108	
1.0520393	
1.0433435	
1.034227	
1.0246931	
1.0147456	
1.0043881	
0.99362475	
0.98245966	
0.97089714	
0.9589416	
0.9465977	
0.9338702	
0.9207641	
0.90728444	
0.8934365	
0.8792256	
0.86465734	
0.8497374	
0.8344716	
0.8188659	
0.8029264	
0.78665936	
0.77007115	
0.7531683	
0.7359574	
0.71844524	
0.7006387	
0.68254477	
0.66417056	
0.64552337	
0.6266105	
0.60743946	
0.58801776	
0.56835306	
0.54845315	
0.5283259	
0.5079793	
0.48742133	
0.4666602	
0.44570407	
0.4245613	
0.40324023	
0.38174933	
0.36009714	
0.33829227	
0.31634334	
0.2942591	
0.27204832	
0.24971984	
0.22728254	
0.20474535	
0.18211725	
0.15940726	
0.13662441	
0.1137778	
9.087654e-2	
6.7929775e-2	
4.4946656e-2	
2.1936363e-2	
-1.0919105e-3	
-2.4128957e-2	
-4.7165565e-2	
-7.019252e-2	
-9.320062e-2	
-0.116180636	
-0.13912338	
-0.16201964	
-0.18486026	
-0.20763607	
-0.23033795	
-0.25295675	
-0.27548343	
-0.29790893	
-0.32022423	
-0.34242037	
-0.36448842	
-0.3864195	
-0.4082048	
-0.4298355	
-0.45130295	
-0.47259843	
-0.4937134	
-0.5146394	
-0.53536785	
-0.55589044	
-0.5761989	
-0.596285	
-0.6161406	
-0.6357577	
-0.65512836	
-0.6742447	
-0.693099	
-0.71168363	
-0.72999096	
-0.7480136	
-0.7657443	
-0.7831758	
-0.800301	
-0.8171129	
-0.8336047	
-0.84976965	
-0.8656012	
-0.8810928	
-0.89623815	
-0.91103107	
-0.92546546	
-0.9395355	
-0.9532353	
-0.96655935	
-0.9795021	
-0.99205816	
-1.0042224	
-1.0159899	
-1.0273557	
-1.038315	
-1.0488635	
-1.0589967	
-1.0687102	
-1.0780002	
-1.0868627	
-1.095294	
-1.1032906	
-1.110849	
-1.1179662	
-1.1246389	
-1.1308645	
-1.1366402	
-1.1419636	
-1.1468323	
-1.1512443	
-1.1551975	
-1.1586902	
-1.1617209	
-1.164288	
-1.1663905	
-1.1680273	
-1.1691974	
-1.1699004	
-1.1701357	
-1.169903	
-1.1692023	
-1.1680337	
-1.1663973	
-1.1642938	
-1.1617236	
-1.1586878	
-1.1551872	
-1.1512233	
-1.1467972	
-1.1419106	
-1.1365652	
-1.1307632	
-1.1245065	
-1.1177975	
-1.1106387	
-1.1030328	
-1.0949826	
-1.0864912	
-1.0775619	
-1.0681978	
-1.0584029	
-1.0481806	
-1.037535	
-1.0264701	
-1.0149902	
-1.0030997	
-0.9908032	
-0.9781054	
-0.96501136	
-0.95152605	
-0.93765473	
-0.92340285	
-0.90877587	
-0.8937795	
-0.87841964	
-0.86270225	
-0.8466335	
-0.8302197	
-0.8134672	
-0.79638267	
-0.77897274	
-0.76124424	
-0.7432042	
-0.7248596	
-0.70621777	
-0.68728596	
-0.6680717	
-0.64858246	
-0.628826	
-0.6088102	
-0.5885428	
-0.5680319	
-0.54728556	
-0.526312	
-0.50511956	
-0.48371658	
-0.46211153	
-0.440313	
-0.41832966	
-0.39617017	
-0.37384334	
-0.35135806	
-0.32872322	
-0.30594784	
-0.28304097	
-0.26001173	
-0.23686928	
-0.21362281	
-0.1902816	
-0.16685495	
-0.14335218	
-0.119782664	
-9.615581e-2	
-7.2481036e-2	
-4.8767805e-2	
-2.5025582e-2	
-1.2638532e-3	
2.2507887e-2	
4.6280134e-2	
7.004338e-2	
9.378811e-2	
0.11750482	
0.14118402	
0.16481622	
0.18839194	
0.21190174	
0.23533618	
0.25868586	
0.2819414	
0.3050935	
0.32813278	
0.35105002	
0.373836	
0.3964816	
0.41897765	
0.4413151	
0.46348497	
0.4854783	
0.50728625	
0.5289	
0.55031085	
0.57151014	
0.5924893	
0.6132398	
0.63375336	
0.6540216	
0.6740364	
0.69378954	
0.71327305	
0.7324791	
0.7513998	
0.7700275	
0.7883547	
0.80637383	
0.82407767	
0.8414589	
0.85851055	
0.8752256	
0.8915972	
0.90761876	
0.9232837	
0.9385856	
0.95351815	
0.9680753	
0.982251	
0.99603945	
1.009435	
1.0224322	
1.0350256	
1.04721	
1.0589803	
1.0703318	
1.0812597	
1.0917596	
1.1018269	
1.1114575	
1.1206473	
1.1293926	
1.1376896	
1.1455349	
1.152925	
1.159857	
1.1663278	
1.1723347	
1.177875	
1.1829464	
1.1875467	
1.1916738	
1.1953259	
1.1985012	
1.2011985	
1.2034163	
1.2051537	
1.2064097	
1.2071836	
1.207475	
1.2072835	
1.206609	
1.2054516	
1.2038115	
1.2016892	
1.1990855	
1.196001	
1.1924369	
1.1883944	
1.183875	
1.1788802	
1.1734118	
1.1674719	
1.1610626	
1.1541864	
1.1468457	
1.1390433	
1.1307822	
1.1220655	
1.1128966	
1.1032788	
1.0932157	
1.0827113	
1.0717697	
1.060395	
1.0485916	
1.0363641	
1.023717	
1.0106555	
0.9971845	
0.9833092	
0.969035	
0.9543675	
0.9393124	
0.9238756	
0.908063	
0.89188087	
0.8753355	
0.8584334	
0.8411812	
0.8235856	
0.8056536	
0.7873921	
0.7688083	
0.7499096	
0.73070335	
0.71119714	
0.6913986	
0.67131567	
0.65095615	
0.6303281	
0.6094397	
0.5882991	
0.56691474	
0.54529506	
0.52344865	
0.5013841	
0.47911015	
0.45663565	
0.43396953	
0.41112074	
0.38809836	
0.36491153	
0.34156945	
0.31808144	
0.29445678	
0.2707049	
0.24683523	
0.22285728	
0.1987806	
0.17461477	
0.15036944	
0.12605426	
0.10167892	
7.725317e-2	
5.2786745e-2	
2.8289419e-2	
3.7709773e-3	
-2.075878e-2	
-4.5290045e-2	
-6.9813006e-2	
-9.431785e-2	
-0.11879478	
-0.14323397	
-0.16762565	
-0.19196004	
-0.21622737	
-0.24041791	
-0.26452196	
-0.28852984	
-0.31243193	
-0.3362186	
-0.3598803	
-0.3834075	
-0.40679076	
-0.43002066	
-0.45308784	
-0.47598302	
-0.49869695	
-0.5212205	
-0.5435446	
-0.5656602	
-0.5875583	
-0.6092302	
-0.6306671	
-0.6518603	
-0.6728012	
-0.6934814	
-0.71389246	
-0.73402613	
-0.75387424	
-0.77342874	
-0.7926817	
-0.81162524	
-0.83025175	
-0.8485536	
-0.8665233	
-0.88415366	
-0.9014374	
-0.91836745	
-0.93493694	
-0.9511391	
-0.9669672	
-0.9824149	
-0.9974758	
-1.0121437	
-1.0264127	
-1.0402769	
-1.0537304	
-1.0667678	
-1.0793837	
-1.091573	
-1.1033305	
-1.1146513	
-1.1255308	
-1.1359645	
-1.1459479	
-1.1554769	
-1.1645476	
-1.173156	
-1.1812987	
-1.1889721	
-1.196173	
-1.2028983	
-1.2091451	
-1.2149107	
-1.2201928	
-1.2249888	
-1.2292968	
-1.2331147	
-1.236441	
-1.239274	
-1.2416124	
-1.2434552	
-1.2448013	
-1.2456499	
-1.2460006	
-1.2458532	
-1.2452073	
-1.2440631	
-1.2424208	
-1.2402809	
-1.237644	
-1.2345109	
-1.2308828	
-1.2267609	
-1.2221466	
-1.2170417	
-1.211448	
-1.2053673	
-1.1988021	
-1.1917548	
-1.184228	
-1.1762244	
-1.1677471	
-1.1587994	
-1.1493846	
-1.1395062	
-1.1291682	
-1.1183742	
-1.1071286	
-1.0954357	
-1.0833	
-1.070726	
-1.0577188	
-1.0442832	
-1.0304245	
-1.0161481	
-1.0014596	
-0.9863646	
-0.970869	
-0.9549789	
-0.9387004	
-0.9220399	
-0.90500396	
-0.8875992	
-0.8698324	
-0.85171056	
-0.8332408	
-0.81443036	
-0.79528666	
-0.77581716	
-0.75602955	
-0.73593163	
-0.7155313	
-0.69483656	
-0.6738556	
-0.6525967	
-0.6310683	
-0.60927886	
-0.587237	
-0.5649514	
-0.54243094	
-0.5196845	
-0.49672106	
-0.47354975	
-0.45017976	
-0.42662033	
-0.40288085	
-0.3789707	
-0.35489944	
-0.33067656	
-0.30631173	
-0.2818146	
-0.25719497	
-0.2324626	
-0.20762736	
-0.18269913	
-0.15768786	
-0.1326035	
-0.107456066	
-8.2255594e-2	
-5.701214e-2	
-3.1735785e-2	
-6.4366255e-3	
1.8875228e-2	
4.4189654e-2	
6.949653e-2	
9.478573e-2	
0.12004713	
0.14527062	
0.17044608	
0.19556344	
0.22061262	
0.24558358	
0.2704663	
0.29525077	
0.31992707	
0.34448525	
0.36891547	
0.3932079	
0.41735277	
0.44134033	
0.46516097	
0.48880506	
0.51226306	
0.53552556	
0.55858314	
0.58142656	
0.6040465	
0.6264339	
0.64857966	
0.6704749	
0.69211066	
0.7134782	
0.73456895	
0.7553743	
0.7758858	
0.7960952	
0.8159942	
0.8355748	
0.85482895	
0.8737489	
0.8923269	
0.9105554	
0.928427	
0.94593436	
0.96307033	
0.97982794	
0.9962003	
1.0121808	
1.0277628	
1.0429399	
1.0577059	
1.0720547	
1.0859805	
1.0994774	
1.1125399	
1.1251626	
1.1373403	
1.149068	
1.1603407	
1.1711538	
1.1815027	
1.1913832	
1.2007911	
1.2097225	
1.2181735	
1.2261406	
1.2336205	
1.2406099	
1.2471058	
1.2531055	
1.2586064	
1.2636061	
1.2681023	
1.272093	
1.2755766	
1.2785512	
1.2810156	
1.2829686	
1.2844093	
1.2853367	
1.2857504	
1.2856499	
1.2850351	
1.2839061	
1.282263	
1.2801064	
1.277437	
1.2742554	
1.2705629	
1.2663606	
1.2616502	
1.2564332	
1.2507116	
1.2444873	
1.2377628	
1.2305405	
1.2228231	
1.2146136	
1.2059147	
1.1967301	
1.1870632	
1.1769176	
1.1662971	
1.1552058	
1.143648	
1.1316282	
1.1191509	
1.106221	
1.0928433	
1.0790231	
1.0647658	
1.050077	
1.0349622	
1.0194274	
1.0034786	
0.98712206	
0.9703641	
0.9532113	
0.9356704	
0.91774815	
0.8994517	
0.8807881	
0.8617647	
0.84238905	
0.8226687	
0.8026113	
0.7822249	
0.7615174	
0.74049705	
0.7191721	
0.69755095	
0.67564213	
0.6534543	
0.63099617	
0.60827667	
0.5853048	
0.5620896	
0.5386403	
0.5149662	
0.4910766	
0.466981	
0.44268897	
0.41821015	
0.39355424	
0.36873105	
0.34375045	
0.31862235	
0.29335675	
0.2679637	
0.24245332	
0.21683575	
0.19112119	
0.1653199	
0.13944216	
0.11349829	
8.749865e-2	
6.1453603e-2	
3.5373557e-2	
9.268932e-3	
-1.6849844e-2	
-4.2972326e-2	
-6.908807e-2	
-9.518662e-2	
-0.12125754	
-0.14729038	
-0.17327473	
-0.19920015	
-0.22505626	
-0.2508327	
-0.27651912	
-0.3021052	
-0.32758066	
-0.35293528	
-0.37815887	
-0.40324128	
-0.42817244	
-0.4529423	
-0.4775409	
-0.5019583	
-0.5261847	
-0.5502103	
-0.57402545	
-0.5976205	
-0.6209859	
-0.64411235	
-0.66699034	
-0.6896107	
-0.7119643	
-0.73404205	
-0.755835	
-0.77733433	
-0.7985313	
-0.81941736	
-0.839984	
-0.8602229	
-0.88012576	
-0.89968455	
-0.9188913	
-0.9377382	
-0.95621747	
-0.97432166	
-0.9920434	
-1.0093753	
-1.0263106	
-1.042842	
-1.058963	
-1.0746667	
-1.0899469	
-1.1047971	
-1.1192114	
-1.1331838	
-1.1467086	
-1.15978	
-1.1723928	
-1.1845417	
-1.1962216	
-1.2074277	
-1.2181554	
-1.2284	
-1.2381574	
-1.2474234	
-1.2561941	
-1.2644659	
-1.2722353	
-1.2794988	
-1.2862535	
-1.2924963	
-1.2982247	
-1.303436	
-1.3081281	
-1.3122988	
-1.3159462	
-1.3190687	
-1.3216648	
-1.3237333	
-1.3252732	
-1.3262835	
-1.3267636	
-1.3267133	
-1.3261323	
-1.3250206	
-1.3233784	
-1.3212063	
-1.3185048	
-1.3152748	
-1.3115175	
-1.3072339	
-1.3024259	
-1.2970948	
-1.2912428	
-1.284872	
-1.2779847	
-1.2705835	
-1.2626711	
-1.2542504	
-1.2453246	
-1.2358972	
-1.2259716	
-1.2155516	
-1.2046413	
-1.1932448	
-1.1813664	
-1.1690108	
-1.1561825	
-1.1428866	
-1.1291283	
-1.1149129	
-1.1002457	
-1.0851326	
-1.0695794	
-1.0535921	
-1.037177	
-1.0203404	
-1.0030891	
-0.9854295	
-0.9673688	
-0.9489139	
-0.930072	
-0.9108506	
-0.8912571	
-0.87129927	
-0.85098493	
-0.8303221	
-0.80931884	
-0.7879835	
-0.7663244	
-0.74435014	
-0.7220693	
-0.6994908	
-0.6766234	
-0.65347624	
-0.6300584	
-0.6063792	
-0.58244795	
-0.55827415	
-0.53386736	
-0.5092373	
-0.48439366	
-0.45934632	
-0.43410525	
-0.40868044	
-0.38308197	
-0.35732004	
-0.33140486	
-0.30534676	
-0.2791561	
-0.2528433	
-0.22641882	
-0.19989322	
-0.17327705	
-0.14658093	
-0.1198155	
-9.2991434e-2	
-6.611944e-2	
-3.9210252e-2	
-1.22746155e-2	
1.4676705e-2	
4.1632935e-2	
6.8583295e-2	
9.5517e-2	
0.12242328	
0.14929134	
0.17611043	
0.20286982	
0.22955875	
0.25616655	
0.2826825	
0.309096	
0.33539644	
0.36157322	
0.38761586	
0.41351387	
0.43925682	
0.46483436	
0.4902362	
0.5154521	
0.5404719	
0.56528556	
0.589883	
0.61425436	
0.6383897	
0.66227937	
0.6859137	
0.7092831	
0.7323782	
0.75518954	
0.77770793	
0.79992425	
0.8218295	
0.8434147	
0.86467123	
0.8855904	
0.90616363	
0.92638266	
0.94623923	
0.96572524	
0.98483276	
1.003554	
1.0218813	
1.0398072	
1.0573243	
1.0744255	
1.0911038	
1.1073523	
1.1231643	
1.1385335	
1.1534534	
1.1679178	
1.1819209	
1.1954567	
1.2085199	
1.2211049	
1.2332064	
1.2448195	
1.2559394	
1.2665613	
1.2766808	
1.2862937	
1.295396	
1.3039837	
1.3120532	
1.3196012	
1.3266243	
1.3331195	
1.3390841	
1.3445156	
1.3494114	
1.3537693	
1.3575875	
1.3608642	
1.3635978	
1.365787	
1.3674309	
1.3685285	
1.3690791	
1.3690823	
1.3685379	
1.3674458	
1.3658063	
1.3636198	
1.3608869	
1.3576087	
1.3537861	
1.3494204	
1.3445133	
1.3390664	
1.3330816	
1.3265612	
1.3195076	
1.3119234	
1.3038113	
1.2951745	
1.2860161	
1.2763397	
1.2661488	
1.2554475	
1.2442397	
1.2325298	
1.2203221	
1.2076215	
1.1944326	
1.1807607	
1.1666111	
1.1519891	
1.1369005	
1.1213511	
1.1053469	
1.0888942	
1.0719994	
1.054669	
1.0369098	
1.0187287	
1.0001329	
0.9811296	
0.96172625	
0.9419304	
0.9217499	
0.9011926	
0.8802666	
0.8589802	
0.8373416	
0.8153595	
0.79304236	
0.77039915	
0.7474387	
0.72417015	
0.7006026	
0.67674536	
0.65260786	
0.6281997	
0.60353047	
0.57860994	
0.553448	
0.52805465	
0.5024399	
0.47661394	
0.450587	
0.42436942	
0.3979716	
0.37140402	
0.34467727	
0.31780195	
0.29078877	
0.26364845	
0.23639183	
0.20902973	
0.1815731	
0.15403284	
0.12641996	
9.8745465e-2	
7.1020395e-2	
4.325583e-2	
1.5462855e-2	
-1.2347421e-2	
-4.0163882e-2	
-6.79754e-2	
-9.577086e-2	
-0.12353912	
-0.15126908	
-0.17894962	
-0.20656966	
-0.2341181	
-0.26158392	
-0.2889561	
-0.31622365	
-0.34337562	
-0.37040108	
-0.39728922	
-0.42402917	
-0.45061022	
-0.47702166	
-0.50325286	
-0.52929324	
-0.5551323	
-0.5807597	
-0.606165	
-0.631338	
-0.65626854	
-0.6809465	
-0.705362	
-0.7295051	
-0.7533661	
-0.7769353	
-0.8002031	
-0.8231601	
-0.84579706	
-0.86810476	
-0.89007413	
-0.91169626	
-0.93296236	
-0.9538638	
-0.97439206	
-0.9945388	
-1.0142957	
-1.0336548	
-1.0526083	
-1.0711482	
-1.089267	
-1.1069574	
-1.1242121	
-1.1410241	
-1.1573864	
-1.1732923	
-1.1887352	
-1.2037089	
-1.218207	
-1.2322236	
-1.2457529	
-1.2587894	
-1.2713276	
-1.2833623	
-1.2948884	
-1.3059012	
-1.316396	
-1.3263685	
-1.3358144	
-1.3447297	
-1.3531107	
-1.3609538	
-1.3682556	
-1.3750131	
-1.3812233	
-1.3868835	
-1.3919911	
-1.3965441	
-1.4005402	
-1.4039778	
-1.4068551	
-1.4091709	
-1.4109238	
-1.4121132	
-1.4127381	
-1.4127982	
-1.4122932	
-1.411223	
-1.409588	
-1.4073884	
-1.404625	
-1.4012988	
-1.3974106	
-1.392962	
-1.3879544	
-1.3823895	
-1.3762696	
-1.3695966	
-1.3623731	
-1.3546017	
-1.3462855	
-1.3374274	
-1.3280307	
-1.3180991	
-1.3076364	
-1.2966464	
-1.2851332	
-1.2731014	
-1.2605556	
-1.2475005	
-1.2339413	
-1.2198831	
-1.2053312	
-1.1902914	
-1.1747694	
-1.1587714	
-1.1423035	
-1.1253719	
-1.1079836	
-1.090145	
-1.0718633	
-1.0531455	
-1.033999	
-1.0144311	
-0.99444973	
-0.97406256	
-0.9532776	
-0.93210304	
-0.91054714	
-0.8886184	
-0.86632544	
-0.84367704	
-0.8206821	
-0.7973497	
-0.77368903	
-0.7497094	
-0.72542036	
-0.7008314	
-0.67595226	
-0.6507928	
-0.62536293	
-0.5996728	
-0.5737325	
-0.54755235	
-0.52114266	
-0.49451396	
-0.46767682	
-0.44064188	
-0.41341984	
-0.38602155	
-0.35845792	
-0.33073986	
-0.3028784	
-0.27488467	
-0.24676979	
-0.21854495	
-0.1902214	
-0.16181043	
-0.13332337	
-0.10477159	
-7.616648e-2	
-4.7519464e-2	
-1.884198e-2	
9.85451e-3	
3.8558535e-2	
6.7258626e-2	
9.594329e-2	
0.12460105	
0.15322043	
0.18178996	
0.21029821	
0.23873375	
0.26708516	
0.29534107	
0.32349017	
0.35152113	
0.3794227	
0.40718365	
0.43479282	
0.46223912	
0.48951152	
0.516599	
0.5434907	
0.57017577	
0.59664345	
0.622883	
0.64888394	
0.6746357	
0.7001279	
0.72535026	
0.7502926	
0.7749448	
0.79929686	
0.8233389	
0.8470613	
0.8704543	
0.8935085	
0.9162145	
0.93856317	
0.9605453	
0.982152	
1.0033745	
1.0242041	
1.0446324	
1.064651	
1.0842518	
1.1034267	
1.1221678	
1.1404676	
1.1583186	
1.1757134	
1.1926448	
1.209106	
1.22509	
1.2405905	
1.2556008	
1.270115	
1.284127	
1.2976309	
1.3106211	
1.3230923	
1.3350393	
1.346457	
1.3573407	
1.3676858	
1.3774879	
1.386743	
1.395447	
1.4035964	
1.4111876	
1.4182174	
1.4246827	
1.4305807	
1.4359089	
1.4406648	
1.4448463	
1.4484515	
1.4514788	
1.4539268	
1.4557942	
1.45708	
1.4577835	
1.4579041	
1.4574417	
1.4563961	
1.4547675	
1.4525563	
1.4497632	
1.4463891	
1.442435	
1.4379025	
1.4327929	
1.4271082	
1.4208504	
1.4140217	
1.4066248	
1.3986622	
1.390137	
1.3810523	
1.3714114	
1.3612182	
1.3504765	
1.3391902	
1.3273638	
1.3150017	
1.3021086	
1.2886896	
1.2747498	
1.2602944	
1.2453291	
1.2298597	
1.2138922	
1.1974328	
1.1804878	
1.1630638	
1.1451676	
1.1268061	
1.1079867	
1.0887165	
1.0690031	
1.0488542	
1.0282778	
1.0072818	
0.9858744	
0.9640642	
0.9418596	
0.9192694	
0.8963024	
0.8729677	
0.8492745	
0.82523215	
0.80085003	
0.7761378	
0.7511053	
0.7257623	
0.7001189	
0.67418516	
0.6479714	
0.6214879	
0.5947453	
0.56775403	
0.5405249	
0.5130687	
0.48539624	
0.45751855	
0.42944673	
0.4011919	
0.37276527	
0.34417817	
0.31544197	
0.28656808	
0.25756803	
0.22845335	
0.19923565	
0.16992655	
0.14053777	
0.11108102	
8.156805e-2	
5.2010648e-2	
2.242062e-2	
-7.1902107e-3	
-3.681001e-2	
-6.642693e-2	
-9.602913e-2	
-0.12560476	
-0.15514198	
-0.18462895	
-0.21405387	
-0.24340494	
-0.2726704	
-0.30183846	
-0.33089748	
-0.35983574	
-0.38864166	
-0.41730365	
-0.44581017	
-0.47414976	
-0.50231105	
-0.5302827	
-0.5580534	
-0.58561194	
-0.6129473	
-0.6400484	
-0.66690433	
-0.6935043	
-0.7198374	
-0.7458932	
-0.771661	
-0.79713047	
-0.82229125	
-0.8471332	
-0.8716462	
-0.8958204	
-0.9196459	
-0.9431131	
-0.96621245	
-0.9889345	
-1.0112702	
-1.0332102	
-1.0547457	
-1.0758679	
-1.0965682	
-1.1168382	
-1.1366696	
-1.1560543	
-1.1749842	
-1.1934518	
-1.2114493	
-1.2289695	
-1.246005	
-1.262549	
-1.2785946	
-1.2941352	
-1.3091644	
-1.3236759	
-1.3376637	
-1.351122	
-1.3640453	
-1.3764281	
-1.3882654	
-1.399552	
-1.4102833	
-1.4204549	
-1.4300623	
-1.4391015	
-1.4475687	
-1.4554602	
-1.4627727	
-1.469503	
-1.4756483	
-1.4812057	
-1.4861729	
-1.4905477	
-1.4943279	
-1.4975119	
-1.5000981	
-1.5020853	
-1.5034726	
-1.504259	
-1.504444	
-1.5040272	
-1.5030087	
-1.5013887	
-1.4991673	
-1.4963455	
-1.492924	
-1.4889039	
-1.4842867	
-1.4790739	
-1.4732674	
-1.4668694	
-1.4598819	
-1.4523077	
-1.4441496	
-1.4354105	
-1.4260938	
-1.4162029	
-1.4057416	
-1.3947138	
-1.3831236	
-1.3709756	
-1.3582743	
-1.3450247	
-1.3312318	
-1.3169008	
-1.3020375	
-1.2866473	
-1.2707363	
-1.2543107	
-1.2373768	
-1.2199411	
-1.2020105	
-1.1835918	
-1.1646924	
-1.1453196	
-1.1254809	
-1.1051841	
-1.084437	
-1.0632479	
-1.041625	
-1.0195768	
-0.9971119	
-0.97423923	
-0.9509677	
-0.92730653	
-0.90326494	
-0.8788524	
-0.8540786	
-0.8289532	
-0.8034862	
-0.77768767	
-0.75156766	
-0.7251366	
-0.6984049	
-0.67138314	
-0.64408207	
-0.6165124	
-0.58868515	
-0.56061125	
-0.5323019	
-0.50376827	
-0.47502172	
-0.44607368	
-0.41693562	
-0.38761914	
-0.35813588	
-0.3284976	
-0.29871604	
-0.2688031	
-0.23877065	
-0.2086307	
-0.17839523	
-0.14807631	
-0.11768603	
-8.723652e-2	
-5.673994e-2	
-2.6208466e-2	
4.345704e-3	
3.491036e-2	
6.547327e-2	
9.6022226e-2	
0.12654498	
0.15702933	
0.18746306	
0.21783398	
0.24812992	
0.27833873	
0.30844828	
0.3384465	
0.36832133	
0.3980608	
0.42765293	
0.45708582	
0.48634768	
0.5154267	
0.54431117	
0.57298946	
0.60145	
0.6296814	
0.6576722	
0.68541116	
0.712887	
0.7400887	
0.76700526	
0.7936258	
0.8199395	
0.84593576	
0.871604	
0.8969339	
0.9219152	
0.9465377	
0.9707914	
0.9946665	
1.0181533	
1.0412422	
1.063924	
1.0861892	
1.1080288	
1.1294339	
1.1503958	
1.1709058	
1.1909558	
1.2105373	
1.2296425	
1.2482635	
1.2663926	
1.2840225	
1.3011458	
1.3177555	
1.3338447	
1.3494068	
1.3644354	
1.3789243	
1.3928673	
1.4062588	
1.4190931	
1.431365	
1.4430692	
1.4542009	
1.4647553	
1.474728	
1.4841149	
1.4929118	
1.5011151	
1.5087212	
1.5157269	
1.5221292	
1.5279251	
1.5331122	
1.537688	
1.5416507	
1.5449982	
1.5477291	
1.549842	
1.5513358	
1.5522097	
1.552463	
1.5520955	
1.551107	
1.5494977	
1.5472679	
1.5444183	
1.5409498	
1.5368636	
1.5321609	
1.5268434	
1.5209131	
1.5143721	
1.5072228	
1.4994676	
1.4911096	
1.4821519	
1.4725976	
1.4624505	
1.4517144	
1.4403933	
1.4284915	
1.4160135	
1.4029641	
1.3893484	
1.3751714	
1.3604387	
1.345156	
1.329329	
1.312964	
1.2960672	
1.2786453	
1.260705	
1.2422532	
1.2232971	
1.2038442	
1.1839019	
1.163478	
1.1425806	
1.1212178	
1.099398	
1.0771297	
1.0544217	
1.0312828	
1.0077221	
0.9837489	
0.95937264	
0.93460286	
0.90944934	
0.883922	
0.8580308	
0.8317861	
0.80519813	
0.77827746	
0.75103474	
0.7234807	
0.69562626	
0.66748244	
0.6390603	
0.61037123	
0.5814265	
0.55223763	
0.5228162	
0.49317384	
0.46332237	
0.43327364	
0.40303957	
0.3726322	
0.3420636	
0.31134596	
0.2804915	
0.2495125	
0.2184213	
0.18723029	
0.15595192	
0.12459865	
9.318301e-2	
6.171753e-2	
3.0214772e-2	
-1.3126694e-3	
-3.2852195e-2	
-6.4391196e-2	
-9.591706e-2	
-0.12741716	
-0.1588789	
-0.19028966	
-0.22163689	
-0.252908	
-0.28409043	
-0.31517172	
-0.34613937	
-0.37698096	
-0.4076841	
-0.43823642	
-0.46862566	
-0.49883962	
-0.5288661	
-0.5586931	
-0.5883086	
-0.6177005	
-0.64685714	
-0.6757667	
-0.7044175	
-0.73279804	
-0.7608968	
-0.7887024	
-0.8162037	
-0.8433895	
-0.8702488	
-0.8967707	
-0.92294455	
-0.9487597	
-0.9742056	
-0.99927205	
-1.0239488	
-1.0482259	
-1.0720934	
-1.0955416	
-1.1185609	
-1.141142	
-1.1632757	
-1.184953	
-1.206165	
-1.226903	
-1.2471584	
-1.2669232	
-1.2861891	
-1.3049482	
-1.3231928	
-1.3409154	
-1.3581088	
-1.3747658	
-1.3908795	
-1.4064434	
-1.4214509	
-1.4358958	
-1.4497721	
-1.4630741	
-1.4757962	
-1.487933	
-1.4994795	
-1.5104309	
-1.5207825	
-1.5305299	
-1.5396689	
-1.5481958	
-1.5561068	
-1.5633985	
-1.5700678	
-1.5761117	
-1.5815276	
-1.586313	
-1.5904659	
-1.5939842	
-1.5968664	
-1.599111	
-1.6007167	
-1.6016829	
-1.6020088	
-1.601694	
-1.6007384	
-1.5991421	
-1.5969055	
-1.5940292	
-1.5905142	
-1.5863615	
-1.5815727	
-1.5761492	
-1.5700933	
-1.5634068	
-1.5560924	
-1.5481526	
-1.5395902	
-1.5304087	
-1.5206113	
-1.5102017	
-1.4991839	
-1.4875621	
-1.4753405	
-1.4625239	
-1.4491172	
-1.4351255	
-1.420554	
-1.4054086	
-1.3896949	
-1.3734192	
-1.3565875	
-1.3392065	
-1.3212827	
-1.3028234	
-1.2838355	
-1.2643266	
-1.2443041	
-1.2237757	
-1.2027497	
-1.1812342	
-1.1592376	
-1.1367685	
-1.1138357	
-1.0904481	
-1.0666151	
-1.0423459	
-1.01765	
-0.9925372	
-0.96701735	
-0.9411005	
-0.91479677	
-0.88811666	
-0.86107063	
-0.83366936	
-0.80592364	
-0.7778444	
-0.7494429	
-0.7207302	
-0.6917177	
-0.66241693	
-0.6328395	
-0.60299706	
-0.5729015	
-0.54256475	
-0.51199883	
-0.4812159	
-0.45022815	
-0.41904792	
-0.3876876	
-0.35615966	
-0.32447663	
-0.29265115	
-0.26069587	
-0.22862354	
-0.19644693	
-0.16417886	
-0.13183223	
-9.9419914e-2	
-6.6954866e-2	
-3.4450054e-2	
-1.9184612e-3	
3.0626915e-2	
6.3173056e-2	
9.570695e-2	
0.12821557	
0.16068591	
0.19310497	
0.22545975	
0.25773728	
0.28992462	
0.32200888	
0.35397717	
0.38581666	
0.41751456	
0.44905812	
0.4804347	
0.5116316	
0.5426364	
0.5734365	
0.6040196	
0.63437325	
0.66448534	
0.6943437	
0.7239362	
0.753251	
0.7822762	
0.8110001	
0.83941114	
0.86749774	
0.8952486	
0.9226524	
0.94969815	
0.9763748	
1.0026716	
1.0285778	
1.054083	
1.0791768	
1.1038489	
1.1280894	
1.1518884	
1.175236	
1.1981229	
1.2205397	
1.2424773	
1.2639266	
1.284879	
1.3053257	
1.3252586	
1.3446693	
1.36355	
1.3818927	
1.39969	
1.4169346	
1.4336193	
1.4497372	
1.4652816	
1.4802462	
1.4946246	
1.5084109	
1.5215994	
1.5341846	
1.546161	
1.5575238	
1.5682682	
1.5783895	
