6621344542257144852
6621344542257249074
2463896551484994439
2463896551485118159
2463896551484994840
2463896551485118901
2463896551485118714
2463896551485114869
-6773399335554616785
-6773399335554621285
-6773399335554615721
-6773399335554618212
-1408609273644313743
-1408609273644380827
2014047365729301289
2014047365729302616
2014047365729303235
-8265818376329174929
-8265818376329114510
-8265818376329170031
3350587299191303139
3350587299191357606
3350587299191239898
3350587299191362751
3350587299191302176
3350587299191234689
-6618913754558380930
-6618913754558381927
-6618913754558387574
-6618913754558381691
2347495999166423256
6621344542257144852
6621344542257249074
2463896551484994439
2463896551485118159
2463896551484994840
2463896551485118901
2463896551485118714
2463896551485114869
-6773399335554616785
-6773399335554621285
-6773399335554615721
-6773399335554618212
-1408609273644313743
-1408609273644380827
2014047365729301289
2014047365729302616
2014047365729303235
-8265818376329174929
-8265818376329114510
-8265818376329170031
3350587299191303139
3350587299191357606
3350587299191239898
3350587299191362751
3350587299191302176
3350587299191234689
-6618913754558380930
-6618913754558381927
-6618913754558387574
-6618913754558381691
2347495999166423256
6621344542257144852
6621344542257249074
2463896551484994439
2463896551485118159
2463896551484994840
2463896551485118901
2463896551485118714
2463896551485114869
-6773399335554616785
-6773399335554621285
-6773399335554615721
-6773399335554618212
-1408609273644313743
-1408609273644380827
2014047365729301289
2014047365729302616
2014047365729303235
-8265818376329174929
-8265818376329114510
-8265818376329170031
3350587299191303139
3350587299191357606
3350587299191239898
3350587299191362751
3350587299191302176
3350587299191234689
-6618913754558380930
-6618913754558381927
-6618913754558387574
-6618913754558381691
2347495999166423256
6621344542257144852
6621344542257249074
2463896551484994439
2463896551485118159
2463896551484994840
2463896551485118901
2463896551485118714
2463896551485114869
-6773399335554616785
-6773399335554621285
-6773399335554615721
-6773399335554618212
-1408609273644313743
-1408609273644380827
2014047365729301289
2014047365729302616
2014047365729303235
-8265818376329174929
-8265818376329114510
-8265818376329170031
3350587299191303139
3350587299191357606
3350587299191239898
3350587299191362751
3350587299191302176
3350587299191234689
-6618913754558380930
-6618913754558381927
-6618913754558387574
-6618913754558381691
2347495999166423256
6621344542257144852
6621344542257249074
2463896551484994439
2463896551485118159
2463896551484994840
2463896551485118901
2463896551485118714
2463896551485114869
-6773399335554616785
-6773399335554621285
-6773399335554615721
-6773399335554618212
-1408609273644313743
-1408609273644380827
2014047365729301289
2014047365729302616
2014047365729303235
-8265818376329174929
-8265818376329114510
-8265818376329170031
3350587299191303139
3350587299191357606
3350587299191239898
3350587299191362751
3350587299191302176
3350587299191234689
-6618913754558380930
-6618913754558381927
-6618913754558387574
-6618913754558381691
2347495999166423256
6621344542257144852
6621344542257249074
2463896551484994439
2463896551485118159
2463896551484994840
2463896551485118901
2463896551485118714
2463896551485114869
-6773399335554616785
-6773399335554621285
-6773399335554615721
-6773399335554618212
-1408609273644313743
-1408609273644380827
2014047365729301289
2014047365729302616
2014047365729303235
-8265818376329174929
-8265818376329114510
-8265818376329170031
3350587299191303139
3350587299191357606
3350587299191239898
3350587299191362751
3350587299191302176
3350587299191234689
-6618913754558380930
-6618913754558381927
-6618913754558387574
-6618913754558381691
2347495999166423256
6621344542257144852
6621344542257249074
2463896551484994439
2463896551485118159
2463896551484994840
2463896551485118901
2463896551485118714
2463896551485114869
-6773399335554616785
-6773399335554621285
-6773399335554615721
-6773399335554618212
-1408609273644313743
-1408609273644380827
2014047365729301289
2014047365729302616
2014047365729303235
-8265818376329174929
-8265818376329114510
-8265818376329170031
3350587299191303139
3350587299191357606
3350587299191239898
3350587299191362751
3350587299191302176
3350587299191234689
-6618913754558380930
-6618913754558381927
-6618913754558387574
-6618913754558381691
2347495999166423256
6621344542257144852
6621344542257249074
2463896551484994439
2463896551485118159
2463896551484994840
2463896551485118901
2463896551485118714
2463896551485114869
-6773399335554616785
-6773399335554621285
-6773399335554615721
-6773399335554618212
-1408609273644313743
-1408609273644380827
2014047365729301289
2014047365729302616
2014047365729303235
-8265818376329174929
-8265818376329114510
-8265818376329170031
3350587299191303139
3350587299191357606
3350587299191239898
3350587299191362751
3350587299191302176
3350587299191234689
-6618913754558380930
-6618913754558381927
-6618913754558387574
-6618913754558381691
2347495999166423256
6621344542257144852
6621344542257249074
2463896551484994439
2463896551485118159
2463896551484994840
2463896551485118901
2463896551485118714
2463896551485114869
-6773399335554616785
-6773399335554621285
-6773399335554615721
-6773399335554618212
-1408609273644313743
-1408609273644380827
2014047365729301289
2014047365729302616
2014047365729303235
-8265818376329174929
-8265818376329114510
-8265818376329170031
3350587299191303139
3350587299191357606
3350587299191239898
3350587299191362751
3350587299191302176
3350587299191234689
-6618913754558380930
-6618913754558381927
-6618913754558387574
-6618913754558381691
2347495999166423256
6621344542257144852
6621344542257249074
2463896551484994439
2463896551485118159
2463896551484994840
2463896551485118901
2463896551485118714
2463896551485114869
-6773399335554616785
-6773399335554621285
-6773399335554615721
-6773399335554618212
-1408609273644313743
-1408609273644380827
2014047365729301289
2014047365729302616
2014047365729303235
-8265818376329174929
-8265818376329114510
-8265818376329170031
3350587299191303139
3350587299191357606
3350587299191239898
3350587299191362751
3350587299191302176
3350587299191234689
-6618913754558380930
-6618913754558381927
-6618913754558387574
-6618913754558381691
2347495999166423256
6621344542257144852
6621344542257249074
2463896551484994439
2463896551485118159
2463896551484994840
2463896551485118901
2463896551485118714
2463896551485114869
-6773399335554616785
-6773399335554621285
-6773399335554615721
-6773399335554618212
-1408609273644313743
-1408609273644380827
2014047365729301289
2014047365729302616
2014047365729303235
-8265818376329174929
-8265818376329114510
-8265818376329170031
3350587299191303139
3350587299191357606
3350587299191239898
3350587299191362751
3350587299191302176
3350587299191234689
-6618913754558380930
-6618913754558381927
-6618913754558387574
-6618913754558381691
2347495999166423256
6621344542257144852
6621344542257249074
2463896551484994439
2463896551485118159
2463896551484994840
2463896551485118901
2463896551485118714
2463896551485114869
-6773399335554616785
-6773399335554621285
-6773399335554615721
-6773399335554618212
-1408609273644313743
-1408609273644380827
2014047365729301289
2014047365729302616
2014047365729303235
-8265818376329174929
-8265818376329114510
-8265818376329170031
3350587299191303139
3350587299191357606
3350587299191239898
3350587299191362751
3350587299191302176
3350587299191234689
-6618913754558380930
-6618913754558381927
-6618913754558387574
-6618913754558381691
2347495999166423256
6621344542257144852
6621344542257249074
2463896551484994439
2463896551485118159
2463896551484994840
2463896551485118901
2463896551485118714
2463896551485114869
-6773399335554616785
-6773399335554621285
-6773399335554615721
-6773399335554618212
-1408609273644313743
-1408609273644380827
2014047365729301289
2014047365729302616
2014047365729303235
-8265818376329174929
-8265818376329114510
-8265818376329170031
3350587299191303139
3350587299191357606
3350587299191239898
3350587299191362751
3350587299191302176
3350587299191234689
-6618913754558380930
-6618913754558381927
-6618913754558387574
-6618913754558381691
2347495999166423256
6621344542257144852
6621344542257249074
2463896551484994439
2463896551485118159
2463896551484994840
2463896551485118901
2463896551485118714
2463896551485114869
-6773399335554616785
-6773399335554621285
-6773399335554615721
-6773399335554618212
-1408609273644313743
-1408609273644380827
2014047365729301289
2014047365729302616
2014047365729303235
-8265818376329174929
-8265818376329114510
-8265818376329170031
3350587299191303139
3350587299191357606
3350587299191239898
3350587299191362751
3350587299191302176
3350587299191234689
-6618913754558380930
-6618913754558381927
-6618913754558387574
-6618913754558381691
2347495999166423256
6621344542257144852
6621344542257249074
2463896551484994439
2463896551485118159
2463896551484994840
2463896551485118901
2463896551485118714
2463896551485114869
-6773399335554616785
-6773399335554621285
-6773399335554615721
-6773399335554618212
-1408609273644313743
-1408609273644380827
2014047365729301289
2014047365729302616
2014047365729303235
-8265818376329174929
-8265818376329114510
-8265818376329170031
3350587299191303139
3350587299191357606
3350587299191239898
3350587299191362751
3350587299191302176
3350587299191234689
-6618913754558380930
-6618913754558381927
-6618913754558387574
-6618913754558381691
2347495999166423256
6621344542257144852
6621344542257249074
2463896551484994439
2463896551485118159
2463896551484994840
2463896551485118901
2463896551485118714
2463896551485114869
-6773399335554616785
-6773399335554621285
-6773399335554615721
-6773399335554618212
-1408609273644313743
-1408609273644380827
2014047365729301289
2014047365729302616
2014047365729303235
-8265818376329174929
-8265818376329114510
-8265818376329170031
3350587299191303139
3350587299191357606
3350587299191239898
3350587299191362751
3350587299191302176
3350587299191234689
-6618913754558380930
-6618913754558381927
-6618913754558387574
-6618913754558381691
2347495999166423256
6621344542257144852
6621344542257249074
2463896551484994439
2463896551485118159
