-> Eval	46879116
Set	$prec to 46879116
-> 716480861492831516
-> 2675652674173921096
-> 5877437864866355772
-> -5168812262383719886
-> -3352963125509946051
-> -965847934458250579
-> -6469220276098447748
-> 5845997954051456347
-> -7610201386315727182
-> 716480861492831516
-> 2675652674173921096
-> 5877437864866355772
-> -5168812262383719886
-> -3352963125509946051
-> -965847934458250579
-> -6469220276098447748
-> 5845997954051456347
-> -7610201386315727182
-> 716480861492831516
-> 2675652674173921096
-> 5877437864866355772
-> -5168812262383719886
-> -3352963125509946051
-> -965847934458250579
-> -6469220276098447748
-> 5845997954051456347
-> -7610201386315727182
-> 716480861492831516
-> 2675652674173921096
-> 5877437864866355772
-> -5168812262383719886
-> -3352963125509946051
-> -965847934458250579
-> -6469220276098447748
-> 5845997954051456347
-> -7610201386315727182
-> 716480861492831516
-> 2675652674173921096
-> 5877437864866355772
-> -5168812262383719886
-> -3352963125509946051
-> -965847934458250579
-> -6469220276098447748
-> 5845997954051456347
-> -7610201386315727182
-> 716480861492831516
-> 2675652674173921096
-> 5877437864866355772
-> -5168812262383719886
-> -3352963125509946051
-> -965847934458250579
-> -6469220276098447748
-> 5845997954051456347
-> -7610201386315727182
-> 716480861492831516
-> 2675652674173921096
-> 5877437864866355772
-> -5168812262383719886
-> -3352963125509946051
-> -965847934458250579
-> -6469220276098447748
-> 5845997954051456347
-> -7610201386315727182
-> 716480861492831516
-> 2675652674173921096
-> 5877437864866355772
-> -5168812262383719886
-> -3352963125509946051
-> -965847934458250579
-> -6469220276098447748
-> 5845997954051456347
-> -7610201386315727182
-> 716480861492831516
-> 2675652674173921096
-> 5877437864866355772
-> -5168812262383719886
-> -3352963125509946051
-> -965847934458250579
-> -6469220276098447748
-> 5845997954051456347
-> -7610201386315727182
-> 716480861492831516
-> 2675652674173921096
-> 5877437864866355772
-> -5168812262383719886
-> -3352963125509946051
-> -965847934458250579
-> -6469220276098447748
-> 5845997954051456347
-> -7610201386315727182
-> 716480861492831516
-> 2675652674173921096
-> 5877437864866355772
-> -5168812262383719886
-> -3352963125509946051
-> -965847934458250579
-> -6469220276098447748
-> 5845997954051456347
-> -7610201386315727182
-> 716480861492831516
-> 2675652674173921096
-> 5877437864866355772
-> -5168812262383719886
-> -3352963125509946051
-> -965847934458250579
-> -6469220276098447748
-> 5845997954051456347
-> -7610201386315727182
-> 716480861492831516
-> 2675652674173921096
-> 5877437864866355772
-> -5168812262383719886
-> -3352963125509946051
-> -965847934458250579
-> -6469220276098447748
-> 5845997954051456347
-> -7610201386315727182
-> 716480861492831516
-> 2675652674173921096
-> 5877437864866355772
-> -5168812262383719886
-> -3352963125509946051
-> -965847934458250579
-> -6469220276098447748
-> 5845997954051456347
-> -7610201386315727182
-> 716480861492831516
-> 2675652674173921096
-> 5877437864866355772
-> -5168812262383719886
-> -3352963125509946051
-> -965847934458250579
-> -6469220276098447748
-> 5845997954051456347
-> -7610201386315727182
-> 716480861492831516
-> 2675652674173921096
-> 5877437864866355772
-> -5168812262383719886
-> -3352963125509946051
-> -965847934458250579
-> -6469220276098447748
-> 5845997954051456347
-> -7610201386315727182
-> 716480861492831516
-> 2675652674173921096
-> 5877437864866355772
-> -5168812262383719886
-> -3352963125509946051
-> -965847934458250579
-> -6469220276098447748
-> 5845997954051456347
-> -7610201386315727182
-> 716480861492831516
-> 2675652674173921096
-> 5877437864866355772
-> -5168812262383719886
-> -3352963125509946051
-> -965847934458250579
-> -6469220276098447748
-> 5845997954051456347
-> -7610201386315727182
-> 716480861492831516
-> 2675652674173921096
-> 5877437864866355772
-> -5168812262383719886
-> -3352963125509946051
-> -965847934458250579
-> -6469220276098447748
-> 5845997954051456347
-> -7610201386315727182
-> 716480861492831516
-> 2675652674173921096
-> 5877437864866355772
-> -5168812262383719886
-> -3352963125509946051
-> -965847934458250579
-> -6469220276098447748
-> 5845997954051456347
-> -7610201386315727182
-> 716480861492831516
-> 2675652674173921096
-> 5877437864866355772
-> -5168812262383719886
-> -3352963125509946051
-> -965847934458250579
-> -6469220276098447748
-> 5845997954051456347
-> -7610201386315727182
-> 716480861492831516
-> 2675652674173921096
-> 5877437864866355772
-> -5168812262383719886
-> -3352963125509946051
-> -965847934458250579
-> -6469220276098447748
-> 5845997954051456347
-> -7610201386315727182
-> 716480861492831516
-> 2675652674173921096
-> 5877437864866355772
-> -5168812262383719886
-> -3352963125509946051
-> -965847934458250579
-> -6469220276098447748
-> 5845997954051456347
-> -7610201386315727182
-> 716480861492831516
-> 2675652674173921096
-> 5877437864866355772
-> -5168812262383719886
-> -3352963125509946051
-> -965847934458250579
-> -6469220276098447748
-> 5845997954051456347
-> -7610201386315727182
-> 716480861492831516
-> 2675652674173921096
-> 5877437864866355772
-> -5168812262383719886
-> -3352963125509946051
-> -965847934458250579
-> -6469220276098447748
-> 5845997954051456347
-> -7610201386315727182
-> 716480861492831516
-> 2675652674173921096
-> 5877437864866355772
-> -5168812262383719886
-> -3352963125509946051
-> -965847934458250579
-> -6469220276098447748
-> 5845997954051456347
-> -7610201386315727182
-> 716480861492831516
-> 2675652674173921096
-> 5877437864866355772
-> -5168812262383719886
-> -3352963125509946051
-> -965847934458250579
-> -6469220276098447748
-> 5845997954051456347
-> -7610201386315727182
-> 716480861492831516
-> 2675652674173921096
-> 5877437864866355772
-> -5168812262383719886
-> -3352963125509946051
-> -965847934458250579
-> -6469220276098447748
-> 5845997954051456347
-> -7610201386315727182
-> 716480861492831516
-> 2675652674173921096
-> 5877437864866355772
-> -5168812262383719886
-> -3352963125509946051
-> -965847934458250579
-> -6469220276098447748
-> 5845997954051456347
-> -7610201386315727182
-> 