6125958256963233304
6125958256963233127
-6348007308188446372
-6348007308188448409
-6348007308188449593
-6348007308188450089
6615794691073472276
6615794691073472476
6615794691073472154
808468992412355437
808468992412353543
808468992412352145
-1649959959777949102
-1649959959777949418
-1838393296158277768
-1838393296158280656
-1838393296158281116
-385820265109624676
-385820265109624888
-385820265109625079
4748004268534412449
4748004268534410687
4748004268534410030
4748004268534409997
4748004268534408237
4748004268534406745
-4909072298232165252
-4909072298232165233
-4909072298232165514
-4909072298232165415
2534525428320239650
6125958256963233304
6125958256963233127
-6348007308188446372
-6348007308188448409
-6348007308188449593
-6348007308188450089
6615794691073472276
6615794691073472476
6615794691073472154
808468992412355437
808468992412353543
808468992412352145
-1649959959777949102
-1649959959777949418
-1838393296158277768
-1838393296158280656
-1838393296158281116
-385820265109624676
-385820265109624888
-385820265109625079
4748004268534412449
4748004268534410687
4748004268534410030
4748004268534409997
4748004268534408237
4748004268534406745
-4909072298232165252
-4909072298232165233
-4909072298232165514
-4909072298232165415
2534525428320239650
6125958256963233304
6125958256963233127
-6348007308188446372
-6348007308188448409
-6348007308188449593
-6348007308188450089
6615794691073472276
6615794691073472476
6615794691073472154
808468992412355437
808468992412353543
808468992412352145
-1649959959777949102
-1649959959777949418
-1838393296158277768
-1838393296158280656
-1838393296158281116
-385820265109624676
-385820265109624888
-385820265109625079
4748004268534412449
4748004268534410687
4748004268534410030
4748004268534409997
4748004268534408237
4748004268534406745
-4909072298232165252
-4909072298232165233
-4909072298232165514
-4909072298232165415
2534525428320239650
6125958256963233304
6125958256963233127
-6348007308188446372
-6348007308188448409
-6348007308188449593
-6348007308188450089
6615794691073472276
6615794691073472476
6615794691073472154
808468992412355437
808468992412353543
808468992412352145
-1649959959777949102
-1649959959777949418
-1838393296158277768
-1838393296158280656
-1838393296158281116
-385820265109624676
-385820265109624888
-385820265109625079
4748004268534412449
4748004268534410687
4748004268534410030
4748004268534409997
4748004268534408237
4748004268534406745
-4909072298232165252
-4909072298232165233
-4909072298232165514
-4909072298232165415
2534525428320239650
6125958256963233304
6125958256963233127
-6348007308188446372
-6348007308188448409
-6348007308188449593
-6348007308188450089
6615794691073472276
6615794691073472476
6615794691073472154
808468992412355437
808468992412353543
808468992412352145
-1649959959777949102
-1649959959777949418
-1838393296158277768
-1838393296158280656
-1838393296158281116
-385820265109624676
-385820265109624888
-385820265109625079
4748004268534412449
4748004268534410687
4748004268534410030
4748004268534409997
4748004268534408237
4748004268534406745
-4909072298232165252
-4909072298232165233
-4909072298232165514
-4909072298232165415
2534525428320239650
6125958256963233304
6125958256963233127
-6348007308188446372
-6348007308188448409
-6348007308188449593
-6348007308188450089
6615794691073472276
6615794691073472476
6615794691073472154
808468992412355437
808468992412353543
808468992412352145
-1649959959777949102
-1649959959777949418
-1838393296158277768
-1838393296158280656
-1838393296158281116
-385820265109624676
-385820265109624888
-385820265109625079
4748004268534412449
4748004268534410687
4748004268534410030
4748004268534409997
4748004268534408237
4748004268534406745
-4909072298232165252
-4909072298232165233
-4909072298232165514
-4909072298232165415
2534525428320239650
6125958256963233304
6125958256963233127
-6348007308188446372
-6348007308188448409
-6348007308188449593
-6348007308188450089
6615794691073472276
6615794691073472476
6615794691073472154
808468992412355437
808468992412353543
808468992412352145
-1649959959777949102
-1649959959777949418
